<?xml version="1.0" encoding="UTF-8"?>
<testsuite xmlns:xsi="http://www.w3.org/2001/XMLSchema-instance" xsi:noNamespaceSchemaLocation="https://maven.apache.org/surefire/maven-surefire-plugin/xsd/surefire-test-report-3.0.xsd" version="3.0" name="TestSuite" time="17.074" tests="2" errors="0" skipped="0" failures="0">
  <properties>
    <property name="java.specification.version" value="17"/>
    <property name="sun.cpu.isalist" value="amd64"/>
    <property name="sun.jnu.encoding" value="Cp1252"/>
    <property name="java.class.path" value="C:\Users\Shoroq\eclipse-workspace\POM_API\target\test-classes;C:\Users\Shoroq\eclipse-workspace\POM_API\target\classes;C:\Users\Shoroq\.m2\repository\org\seleniumhq\selenium\selenium-java\4.10.0\selenium-java-4.10.0.jar;C:\Users\Shoroq\.m2\repository\org\seleniumhq\selenium\selenium-api\4.10.0\selenium-api-4.10.0.jar;C:\Users\Shoroq\.m2\repository\org\seleniumhq\selenium\selenium-chrome-driver\4.10.0\selenium-chrome-driver-4.10.0.jar;C:\Users\Shoroq\.m2\repository\com\google\auto\service\auto-service-annotations\1.0.1\auto-service-annotations-1.0.1.jar;C:\Users\Shoroq\.m2\repository\com\google\auto\service\auto-service\1.0.1\auto-service-1.0.1.jar;C:\Users\Shoroq\.m2\repository\com\google\auto\auto-common\1.2\auto-common-1.2.jar;C:\Users\Shoroq\.m2\repository\com\google\guava\guava\31.1-jre\guava-31.1-jre.jar;C:\Users\Shoroq\.m2\repository\com\google\guava\failureaccess\1.0.1\failureaccess-1.0.1.jar;C:\Users\Shoroq\.m2\repository\com\google\guava\listenablefuture\9999.0-empty-to-avoid-conflict-with-guava\listenablefuture-9999.0-empty-to-avoid-conflict-with-guava.jar;C:\Users\Shoroq\.m2\repository\org\checkerframework\checker-qual\3.12.0\checker-qual-3.12.0.jar;C:\Users\Shoroq\.m2\repository\com\google\errorprone\error_prone_annotations\2.11.0\error_prone_annotations-2.11.0.jar;C:\Users\Shoroq\.m2\repository\com\google\j2objc\j2objc-annotations\1.3\j2objc-annotations-1.3.jar;C:\Users\Shoroq\.m2\repository\org\seleniumhq\selenium\selenium-chromium-driver\4.10.0\selenium-chromium-driver-4.10.0.jar;C:\Users\Shoroq\.m2\repository\org\seleniumhq\selenium\selenium-json\4.10.0\selenium-json-4.10.0.jar;C:\Users\Shoroq\.m2\repository\org\seleniumhq\selenium\selenium-manager\4.10.0\selenium-manager-4.10.0.jar;C:\Users\Shoroq\.m2\repository\org\seleniumhq\selenium\selenium-devtools-v112\4.10.0\selenium-devtools-v112-4.10.0.jar;C:\Users\Shoroq\.m2\repository\org\seleniumhq\selenium\selenium-devtools-v113\4.10.0\selenium-devtools-v113-4.10.0.jar;C:\Users\Shoroq\.m2\repository\org\seleniumhq\selenium\selenium-devtools-v114\4.10.0\selenium-devtools-v114-4.10.0.jar;C:\Users\Shoroq\.m2\repository\org\seleniumhq\selenium\selenium-devtools-v85\4.10.0\selenium-devtools-v85-4.10.0.jar;C:\Users\Shoroq\.m2\repository\org\seleniumhq\selenium\selenium-edge-driver\4.10.0\selenium-edge-driver-4.10.0.jar;C:\Users\Shoroq\.m2\repository\org\seleniumhq\selenium\selenium-firefox-driver\4.10.0\selenium-firefox-driver-4.10.0.jar;C:\Users\Shoroq\.m2\repository\org\seleniumhq\selenium\selenium-http\4.10.0\selenium-http-4.10.0.jar;C:\Users\Shoroq\.m2\repository\dev\failsafe\failsafe\3.3.1\failsafe-3.3.1.jar;C:\Users\Shoroq\.m2\repository\org\seleniumhq\selenium\selenium-ie-driver\4.10.0\selenium-ie-driver-4.10.0.jar;C:\Users\Shoroq\.m2\repository\org\seleniumhq\selenium\selenium-remote-driver\4.10.0\selenium-remote-driver-4.10.0.jar;C:\Users\Shoroq\.m2\repository\io\netty\netty-buffer\4.1.92.Final\netty-buffer-4.1.92.Final.jar;C:\Users\Shoroq\.m2\repository\io\netty\netty-codec-http\4.1.92.Final\netty-codec-http-4.1.92.Final.jar;C:\Users\Shoroq\.m2\repository\io\netty\netty-codec\4.1.92.Final\netty-codec-4.1.92.Final.jar;C:\Users\Shoroq\.m2\repository\io\netty\netty-handler\4.1.92.Final\netty-handler-4.1.92.Final.jar;C:\Users\Shoroq\.m2\repository\io\netty\netty-common\4.1.92.Final\netty-common-4.1.92.Final.jar;C:\Users\Shoroq\.m2\repository\io\netty\netty-transport-classes-epoll\4.1.92.Final\netty-transport-classes-epoll-4.1.92.Final.jar;C:\Users\Shoroq\.m2\repository\io\netty\netty-transport-classes-kqueue\4.1.92.Final\netty-transport-classes-kqueue-4.1.92.Final.jar;C:\Users\Shoroq\.m2\repository\io\netty\netty-transport-native-epoll\4.1.92.Final\netty-transport-native-epoll-4.1.92.Final.jar;C:\Users\Shoroq\.m2\repository\io\netty\netty-transport-native-kqueue\4.1.92.Final\netty-transport-native-kqueue-4.1.92.Final.jar;C:\Users\Shoroq\.m2\repository\io\netty\netty-transport-native-unix-common\4.1.92.Final\netty-transport-native-unix-common-4.1.92.Final.jar;C:\Users\Shoroq\.m2\repository\io\netty\netty-transport\4.1.92.Final\netty-transport-4.1.92.Final.jar;C:\Users\Shoroq\.m2\repository\io\netty\netty-resolver\4.1.92.Final\netty-resolver-4.1.92.Final.jar;C:\Users\Shoroq\.m2\repository\io\opentelemetry\opentelemetry-api\1.26.0\opentelemetry-api-1.26.0.jar;C:\Users\Shoroq\.m2\repository\io\opentelemetry\opentelemetry-context\1.26.0\opentelemetry-context-1.26.0.jar;C:\Users\Shoroq\.m2\repository\io\opentelemetry\opentelemetry-exporter-logging\1.26.0\opentelemetry-exporter-logging-1.26.0.jar;C:\Users\Shoroq\.m2\repository\io\opentelemetry\opentelemetry-sdk-metrics\1.26.0\opentelemetry-sdk-metrics-1.26.0.jar;C:\Users\Shoroq\.m2\repository\io\opentelemetry\opentelemetry-extension-incubator\1.26.0-alpha\opentelemetry-extension-incubator-1.26.0-alpha.jar;C:\Users\Shoroq\.m2\repository\io\opentelemetry\opentelemetry-sdk-logs\1.26.0-alpha\opentelemetry-sdk-logs-1.26.0-alpha.jar;C:\Users\Shoroq\.m2\repository\io\opentelemetry\opentelemetry-api-logs\1.26.0-alpha\opentelemetry-api-logs-1.26.0-alpha.jar;C:\Users\Shoroq\.m2\repository\io\opentelemetry\opentelemetry-api-events\1.26.0-alpha\opentelemetry-api-events-1.26.0-alpha.jar;C:\Users\Shoroq\.m2\repository\io\opentelemetry\opentelemetry-sdk-common\1.26.0\opentelemetry-sdk-common-1.26.0.jar;C:\Users\Shoroq\.m2\repository\io\opentelemetry\opentelemetry-sdk-extension-autoconfigure-spi\1.26.0\opentelemetry-sdk-extension-autoconfigure-spi-1.26.0.jar;C:\Users\Shoroq\.m2\repository\io\opentelemetry\opentelemetry-sdk-extension-autoconfigure\1.26.0-alpha\opentelemetry-sdk-extension-autoconfigure-1.26.0-alpha.jar;C:\Users\Shoroq\.m2\repository\io\opentelemetry\opentelemetry-sdk-trace\1.26.0\opentelemetry-sdk-trace-1.26.0.jar;C:\Users\Shoroq\.m2\repository\io\opentelemetry\opentelemetry-sdk\1.26.0\opentelemetry-sdk-1.26.0.jar;C:\Users\Shoroq\.m2\repository\io\opentelemetry\opentelemetry-semconv\1.26.0-alpha\opentelemetry-semconv-1.26.0-alpha.jar;C:\Users\Shoroq\.m2\repository\net\bytebuddy\byte-buddy\1.14.4\byte-buddy-1.14.4.jar;C:\Users\Shoroq\.m2\repository\org\apache\commons\commons-exec\1.3\commons-exec-1.3.jar;C:\Users\Shoroq\.m2\repository\org\asynchttpclient\async-http-client\2.12.3\async-http-client-2.12.3.jar;C:\Users\Shoroq\.m2\repository\org\asynchttpclient\async-http-client-netty-utils\2.12.3\async-http-client-netty-utils-2.12.3.jar;C:\Users\Shoroq\.m2\repository\io\netty\netty-codec-socks\4.1.60.Final\netty-codec-socks-4.1.60.Final.jar;C:\Users\Shoroq\.m2\repository\io\netty\netty-handler-proxy\4.1.60.Final\netty-handler-proxy-4.1.60.Final.jar;C:\Users\Shoroq\.m2\repository\io\netty\netty-transport-native-epoll\4.1.60.Final\netty-transport-native-epoll-4.1.60.Final-linux-x86_64.jar;C:\Users\Shoroq\.m2\repository\io\netty\netty-transport-native-kqueue\4.1.60.Final\netty-transport-native-kqueue-4.1.60.Final-osx-x86_64.jar;C:\Users\Shoroq\.m2\repository\com\typesafe\netty\netty-reactive-streams\2.0.4\netty-reactive-streams-2.0.4.jar;C:\Users\Shoroq\.m2\repository\com\sun\activation\jakarta.activation\1.2.2\jakarta.activation-1.2.2.jar;C:\Users\Shoroq\.m2\repository\org\seleniumhq\selenium\selenium-safari-driver\4.10.0\selenium-safari-driver-4.10.0.jar;C:\Users\Shoroq\.m2\repository\org\seleniumhq\selenium\selenium-support\4.10.0\selenium-support-4.10.0.jar;C:\Users\Shoroq\.m2\repository\org\testng\testng\7.7.0\testng-7.7.0.jar;C:\Users\Shoroq\.m2\repository\org\slf4j\slf4j-api\1.7.36\slf4j-api-1.7.36.jar;C:\Users\Shoroq\.m2\repository\com\beust\jcommander\1.82\jcommander-1.82.jar;C:\Users\Shoroq\.m2\repository\org\webjars\jquery\3.6.1\jquery-3.6.1.jar;C:\Users\Shoroq\.m2\repository\io\github\bonigarcia\webdrivermanager\5.4.0\webdrivermanager-5.4.0.jar;C:\Users\Shoroq\.m2\repository\com\google\code\gson\gson\2.10.1\gson-2.10.1.jar;C:\Users\Shoroq\.m2\repository\com\github\docker-java\docker-java\3.3.1\docker-java-3.3.1.jar;C:\Users\Shoroq\.m2\repository\com\github\docker-java\docker-java-core\3.3.1\docker-java-core-3.3.1.jar;C:\Users\Shoroq\.m2\repository\com\github\docker-java\docker-java-api\3.3.1\docker-java-api-3.3.1.jar;C:\Users\Shoroq\.m2\repository\org\bouncycastle\bcpkix-jdk15on\1.64\bcpkix-jdk15on-1.64.jar;C:\Users\Shoroq\.m2\repository\org\bouncycastle\bcprov-jdk15on\1.64\bcprov-jdk15on-1.64.jar;C:\Users\Shoroq\.m2\repository\org\slf4j\jcl-over-slf4j\1.7.30\jcl-over-slf4j-1.7.30.jar;C:\Users\Shoroq\.m2\repository\com\github\docker-java\docker-java-transport-httpclient5\3.3.1\docker-java-transport-httpclient5-3.3.1.jar;C:\Users\Shoroq\.m2\repository\com\github\docker-java\docker-java-transport\3.3.1\docker-java-transport-3.3.1.jar;C:\Users\Shoroq\.m2\repository\net\java\dev\jna\jna\5.12.1\jna-5.12.1.jar;C:\Users\Shoroq\.m2\repository\org\brotli\dec\0.1.2\dec-0.1.2.jar;C:\Users\Shoroq\.m2\repository\org\apache\commons\commons-lang3\3.12.0\commons-lang3-3.12.0.jar;C:\Users\Shoroq\.m2\repository\org\apache\httpcomponents\client5\httpclient5\5.2.1\httpclient5-5.2.1.jar;C:\Users\Shoroq\.m2\repository\org\apache\httpcomponents\core5\httpcore5\5.2\httpcore5-5.2.jar;C:\Users\Shoroq\.m2\repository\org\apache\httpcomponents\core5\httpcore5-h2\5.2\httpcore5-h2-5.2.jar;C:\Users\Shoroq\.m2\repository\com\aventstack\extentreports\5.0.9\extentreports-5.0.9.jar;C:\Users\Shoroq\.m2\repository\io\reactivex\rxjava3\rxjava\3.0.4\rxjava-3.0.4.jar;C:\Users\Shoroq\.m2\repository\org\reactivestreams\reactive-streams\1.0.3\reactive-streams-1.0.3.jar;C:\Users\Shoroq\.m2\repository\org\freemarker\freemarker\2.3.30\freemarker-2.3.30.jar;C:\Users\Shoroq\.m2\repository\org\projectlombok\lombok\1.18.12\lombok-1.18.12.jar;C:\Users\Shoroq\.m2\repository\io\rest-assured\rest-assured\5.3.1\rest-assured-5.3.1.jar;C:\Users\Shoroq\.m2\repository\org\apache\groovy\groovy\4.0.11\groovy-4.0.11.jar;C:\Users\Shoroq\.m2\repository\org\apache\groovy\groovy-xml\4.0.11\groovy-xml-4.0.11.jar;C:\Users\Shoroq\.m2\repository\org\apache\httpcomponents\httpclient\4.5.13\httpclient-4.5.13.jar;C:\Users\Shoroq\.m2\repository\org\apache\httpcomponents\httpcore\4.4.13\httpcore-4.4.13.jar;C:\Users\Shoroq\.m2\repository\commons-logging\commons-logging\1.2\commons-logging-1.2.jar;C:\Users\Shoroq\.m2\repository\org\apache\httpcomponents\httpmime\4.5.13\httpmime-4.5.13.jar;C:\Users\Shoroq\.m2\repository\org\hamcrest\hamcrest\2.2\hamcrest-2.2.jar;C:\Users\Shoroq\.m2\repository\org\ccil\cowan\tagsoup\tagsoup\1.2.1\tagsoup-1.2.1.jar;C:\Users\Shoroq\.m2\repository\io\rest-assured\json-path\5.3.1\json-path-5.3.1.jar;C:\Users\Shoroq\.m2\repository\org\apache\groovy\groovy-json\4.0.11\groovy-json-4.0.11.jar;C:\Users\Shoroq\.m2\repository\io\rest-assured\rest-assured-common\5.3.1\rest-assured-common-5.3.1.jar;C:\Users\Shoroq\.m2\repository\io\rest-assured\xml-path\5.3.1\xml-path-5.3.1.jar;C:\Users\Shoroq\.m2\repository\org\json\json\20230618\json-20230618.jar;C:\Users\Shoroq\.m2\repository\com\github\scribejava\scribejava-apis\8.3.3\scribejava-apis-8.3.3.jar;C:\Users\Shoroq\.m2\repository\com\github\scribejava\scribejava-core\8.3.3\scribejava-core-8.3.3.jar;C:\Users\Shoroq\.m2\repository\com\github\scribejava\scribejava-java8\8.3.3\scribejava-java8-8.3.3.jar;C:\Users\Shoroq\.m2\repository\com\fasterxml\jackson\core\jackson-databind\2.14.0\jackson-databind-2.14.0.jar;C:\Users\Shoroq\.m2\repository\com\fasterxml\jackson\core\jackson-annotations\2.14.0\jackson-annotations-2.14.0.jar;C:\Users\Shoroq\.m2\repository\com\fasterxml\jackson\core\jackson-core\2.14.0\jackson-core-2.14.0.jar;C:\Users\Shoroq\.m2\repository\com\github\fge\json-schema-validator\2.2.6\json-schema-validator-2.2.6.jar;C:\Users\Shoroq\.m2\repository\com\google\code\findbugs\jsr305\3.0.0\jsr305-3.0.0.jar;C:\Users\Shoroq\.m2\repository\joda-time\joda-time\2.3\joda-time-2.3.jar;C:\Users\Shoroq\.m2\repository\com\googlecode\libphonenumber\libphonenumber\6.2\libphonenumber-6.2.jar;C:\Users\Shoroq\.m2\repository\com\github\fge\json-schema-core\1.2.5\json-schema-core-1.2.5.jar;C:\Users\Shoroq\.m2\repository\com\github\fge\uri-template\0.9\uri-template-0.9.jar;C:\Users\Shoroq\.m2\repository\com\github\fge\msg-simple\1.1\msg-simple-1.1.jar;C:\Users\Shoroq\.m2\repository\com\github\fge\btf\1.2\btf-1.2.jar;C:\Users\Shoroq\.m2\repository\com\github\fge\jackson-coreutils\1.8\jackson-coreutils-1.8.jar;C:\Users\Shoroq\.m2\repository\org\mozilla\rhino\1.7R4\rhino-1.7R4.jar;C:\Users\Shoroq\.m2\repository\javax\mail\mailapi\1.4.3\mailapi-1.4.3.jar;C:\Users\Shoroq\.m2\repository\javax\activation\activation\1.1\activation-1.1.jar;C:\Users\Shoroq\.m2\repository\net\sf\jopt-simple\jopt-simple\4.6\jopt-simple-4.6.jar;C:\Users\Shoroq\.m2\repository\com\github\javafaker\javafaker\1.0.2\javafaker-1.0.2.jar;C:\Users\Shoroq\.m2\repository\org\yaml\snakeyaml\1.23\snakeyaml-1.23-android.jar;C:\Users\Shoroq\.m2\repository\com\github\mifmif\generex\1.0.2\generex-1.0.2.jar;C:\Users\Shoroq\.m2\repository\dk\brics\automaton\automaton\1.11-8\automaton-1.11-8.jar;C:\Users\Shoroq\.m2\repository\org\apache\poi\poi\5.2.3\poi-5.2.3.jar;C:\Users\Shoroq\.m2\repository\commons-codec\commons-codec\1.15\commons-codec-1.15.jar;C:\Users\Shoroq\.m2\repository\org\apache\commons\commons-collections4\4.4\commons-collections4-4.4.jar;C:\Users\Shoroq\.m2\repository\org\apache\commons\commons-math3\3.6.1\commons-math3-3.6.1.jar;C:\Users\Shoroq\.m2\repository\commons-io\commons-io\2.11.0\commons-io-2.11.0.jar;C:\Users\Shoroq\.m2\repository\com\zaxxer\SparseBitSet\1.2\SparseBitSet-1.2.jar;C:\Users\Shoroq\.m2\repository\org\apache\poi\poi-ooxml\5.2.3\poi-ooxml-5.2.3.jar;C:\Users\Shoroq\.m2\repository\org\apache\poi\poi-ooxml-lite\5.2.3\poi-ooxml-lite-5.2.3.jar;C:\Users\Shoroq\.m2\repository\org\apache\xmlbeans\xmlbeans\5.1.1\xmlbeans-5.1.1.jar;C:\Users\Shoroq\.m2\repository\org\apache\commons\commons-compress\1.21\commons-compress-1.21.jar;C:\Users\Shoroq\.m2\repository\com\github\virtuald\curvesapi\1.07\curvesapi-1.07.jar;C:\Users\Shoroq\.m2\repository\org\apache\logging\log4j\log4j-api\2.20.0\log4j-api-2.20.0.jar;C:\Users\Shoroq\.m2\repository\org\apache\logging\log4j\log4j-core\2.20.0\log4j-core-2.20.0.jar;"/>
    <property name="java.vm.vendor" value="Oracle Corporation"/>
    <property name="sun.arch.data.model" value="64"/>
    <property name="user.variant" value=""/>
    <property name="java.vendor.url" value="https://java.oracle.com/"/>
    <property name="user.timezone" value="Asia/Riyadh"/>
    <property name="os.name" value="Windows 11"/>
    <property name="java.vm.specification.version" value="17"/>
    <property name="sun.java.launcher" value="SUN_STANDARD"/>
    <property name="user.country" value="US"/>
    <property name="sun.boot.library.path" value="C:\Program Files\Java\jdk-17.0.2\bin"/>
    <property name="sun.java.command" value="C:\Users\Shoroq\AppData\Local\Temp\surefire9133992746135570922\surefirebooter-20230721224125886_3.jar C:\Users\Shoroq\AppData\Local\Temp\surefire9133992746135570922 2023-07-21T22-41-23_526-jvmRun1 surefire-20230721224125886_1tmp surefire_0-20230721224125886_2tmp"/>
    <property name="jdk.debug" value="release"/>
    <property name="surefire.test.class.path" value="C:\Users\Shoroq\eclipse-workspace\POM_API\target\test-classes;C:\Users\Shoroq\eclipse-workspace\POM_API\target\classes;C:\Users\Shoroq\.m2\repository\org\seleniumhq\selenium\selenium-java\4.10.0\selenium-java-4.10.0.jar;C:\Users\Shoroq\.m2\repository\org\seleniumhq\selenium\selenium-api\4.10.0\selenium-api-4.10.0.jar;C:\Users\Shoroq\.m2\repository\org\seleniumhq\selenium\selenium-chrome-driver\4.10.0\selenium-chrome-driver-4.10.0.jar;C:\Users\Shoroq\.m2\repository\com\google\auto\service\auto-service-annotations\1.0.1\auto-service-annotations-1.0.1.jar;C:\Users\Shoroq\.m2\repository\com\google\auto\service\auto-service\1.0.1\auto-service-1.0.1.jar;C:\Users\Shoroq\.m2\repository\com\google\auto\auto-common\1.2\auto-common-1.2.jar;C:\Users\Shoroq\.m2\repository\com\google\guava\guava\31.1-jre\guava-31.1-jre.jar;C:\Users\Shoroq\.m2\repository\com\google\guava\failureaccess\1.0.1\failureaccess-1.0.1.jar;C:\Users\Shoroq\.m2\repository\com\google\guava\listenablefuture\9999.0-empty-to-avoid-conflict-with-guava\listenablefuture-9999.0-empty-to-avoid-conflict-with-guava.jar;C:\Users\Shoroq\.m2\repository\org\checkerframework\checker-qual\3.12.0\checker-qual-3.12.0.jar;C:\Users\Shoroq\.m2\repository\com\google\errorprone\error_prone_annotations\2.11.0\error_prone_annotations-2.11.0.jar;C:\Users\Shoroq\.m2\repository\com\google\j2objc\j2objc-annotations\1.3\j2objc-annotations-1.3.jar;C:\Users\Shoroq\.m2\repository\org\seleniumhq\selenium\selenium-chromium-driver\4.10.0\selenium-chromium-driver-4.10.0.jar;C:\Users\Shoroq\.m2\repository\org\seleniumhq\selenium\selenium-json\4.10.0\selenium-json-4.10.0.jar;C:\Users\Shoroq\.m2\repository\org\seleniumhq\selenium\selenium-manager\4.10.0\selenium-manager-4.10.0.jar;C:\Users\Shoroq\.m2\repository\org\seleniumhq\selenium\selenium-devtools-v112\4.10.0\selenium-devtools-v112-4.10.0.jar;C:\Users\Shoroq\.m2\repository\org\seleniumhq\selenium\selenium-devtools-v113\4.10.0\selenium-devtools-v113-4.10.0.jar;C:\Users\Shoroq\.m2\repository\org\seleniumhq\selenium\selenium-devtools-v114\4.10.0\selenium-devtools-v114-4.10.0.jar;C:\Users\Shoroq\.m2\repository\org\seleniumhq\selenium\selenium-devtools-v85\4.10.0\selenium-devtools-v85-4.10.0.jar;C:\Users\Shoroq\.m2\repository\org\seleniumhq\selenium\selenium-edge-driver\4.10.0\selenium-edge-driver-4.10.0.jar;C:\Users\Shoroq\.m2\repository\org\seleniumhq\selenium\selenium-firefox-driver\4.10.0\selenium-firefox-driver-4.10.0.jar;C:\Users\Shoroq\.m2\repository\org\seleniumhq\selenium\selenium-http\4.10.0\selenium-http-4.10.0.jar;C:\Users\Shoroq\.m2\repository\dev\failsafe\failsafe\3.3.1\failsafe-3.3.1.jar;C:\Users\Shoroq\.m2\repository\org\seleniumhq\selenium\selenium-ie-driver\4.10.0\selenium-ie-driver-4.10.0.jar;C:\Users\Shoroq\.m2\repository\org\seleniumhq\selenium\selenium-remote-driver\4.10.0\selenium-remote-driver-4.10.0.jar;C:\Users\Shoroq\.m2\repository\io\netty\netty-buffer\4.1.92.Final\netty-buffer-4.1.92.Final.jar;C:\Users\Shoroq\.m2\repository\io\netty\netty-codec-http\4.1.92.Final\netty-codec-http-4.1.92.Final.jar;C:\Users\Shoroq\.m2\repository\io\netty\netty-codec\4.1.92.Final\netty-codec-4.1.92.Final.jar;C:\Users\Shoroq\.m2\repository\io\netty\netty-handler\4.1.92.Final\netty-handler-4.1.92.Final.jar;C:\Users\Shoroq\.m2\repository\io\netty\netty-common\4.1.92.Final\netty-common-4.1.92.Final.jar;C:\Users\Shoroq\.m2\repository\io\netty\netty-transport-classes-epoll\4.1.92.Final\netty-transport-classes-epoll-4.1.92.Final.jar;C:\Users\Shoroq\.m2\repository\io\netty\netty-transport-classes-kqueue\4.1.92.Final\netty-transport-classes-kqueue-4.1.92.Final.jar;C:\Users\Shoroq\.m2\repository\io\netty\netty-transport-native-epoll\4.1.92.Final\netty-transport-native-epoll-4.1.92.Final.jar;C:\Users\Shoroq\.m2\repository\io\netty\netty-transport-native-kqueue\4.1.92.Final\netty-transport-native-kqueue-4.1.92.Final.jar;C:\Users\Shoroq\.m2\repository\io\netty\netty-transport-native-unix-common\4.1.92.Final\netty-transport-native-unix-common-4.1.92.Final.jar;C:\Users\Shoroq\.m2\repository\io\netty\netty-transport\4.1.92.Final\netty-transport-4.1.92.Final.jar;C:\Users\Shoroq\.m2\repository\io\netty\netty-resolver\4.1.92.Final\netty-resolver-4.1.92.Final.jar;C:\Users\Shoroq\.m2\repository\io\opentelemetry\opentelemetry-api\1.26.0\opentelemetry-api-1.26.0.jar;C:\Users\Shoroq\.m2\repository\io\opentelemetry\opentelemetry-context\1.26.0\opentelemetry-context-1.26.0.jar;C:\Users\Shoroq\.m2\repository\io\opentelemetry\opentelemetry-exporter-logging\1.26.0\opentelemetry-exporter-logging-1.26.0.jar;C:\Users\Shoroq\.m2\repository\io\opentelemetry\opentelemetry-sdk-metrics\1.26.0\opentelemetry-sdk-metrics-1.26.0.jar;C:\Users\Shoroq\.m2\repository\io\opentelemetry\opentelemetry-extension-incubator\1.26.0-alpha\opentelemetry-extension-incubator-1.26.0-alpha.jar;C:\Users\Shoroq\.m2\repository\io\opentelemetry\opentelemetry-sdk-logs\1.26.0-alpha\opentelemetry-sdk-logs-1.26.0-alpha.jar;C:\Users\Shoroq\.m2\repository\io\opentelemetry\opentelemetry-api-logs\1.26.0-alpha\opentelemetry-api-logs-1.26.0-alpha.jar;C:\Users\Shoroq\.m2\repository\io\opentelemetry\opentelemetry-api-events\1.26.0-alpha\opentelemetry-api-events-1.26.0-alpha.jar;C:\Users\Shoroq\.m2\repository\io\opentelemetry\opentelemetry-sdk-common\1.26.0\opentelemetry-sdk-common-1.26.0.jar;C:\Users\Shoroq\.m2\repository\io\opentelemetry\opentelemetry-sdk-extension-autoconfigure-spi\1.26.0\opentelemetry-sdk-extension-autoconfigure-spi-1.26.0.jar;C:\Users\Shoroq\.m2\repository\io\opentelemetry\opentelemetry-sdk-extension-autoconfigure\1.26.0-alpha\opentelemetry-sdk-extension-autoconfigure-1.26.0-alpha.jar;C:\Users\Shoroq\.m2\repository\io\opentelemetry\opentelemetry-sdk-trace\1.26.0\opentelemetry-sdk-trace-1.26.0.jar;C:\Users\Shoroq\.m2\repository\io\opentelemetry\opentelemetry-sdk\1.26.0\opentelemetry-sdk-1.26.0.jar;C:\Users\Shoroq\.m2\repository\io\opentelemetry\opentelemetry-semconv\1.26.0-alpha\opentelemetry-semconv-1.26.0-alpha.jar;C:\Users\Shoroq\.m2\repository\net\bytebuddy\byte-buddy\1.14.4\byte-buddy-1.14.4.jar;C:\Users\Shoroq\.m2\repository\org\apache\commons\commons-exec\1.3\commons-exec-1.3.jar;C:\Users\Shoroq\.m2\repository\org\asynchttpclient\async-http-client\2.12.3\async-http-client-2.12.3.jar;C:\Users\Shoroq\.m2\repository\org\asynchttpclient\async-http-client-netty-utils\2.12.3\async-http-client-netty-utils-2.12.3.jar;C:\Users\Shoroq\.m2\repository\io\netty\netty-codec-socks\4.1.60.Final\netty-codec-socks-4.1.60.Final.jar;C:\Users\Shoroq\.m2\repository\io\netty\netty-handler-proxy\4.1.60.Final\netty-handler-proxy-4.1.60.Final.jar;C:\Users\Shoroq\.m2\repository\io\netty\netty-transport-native-epoll\4.1.60.Final\netty-transport-native-epoll-4.1.60.Final-linux-x86_64.jar;C:\Users\Shoroq\.m2\repository\io\netty\netty-transport-native-kqueue\4.1.60.Final\netty-transport-native-kqueue-4.1.60.Final-osx-x86_64.jar;C:\Users\Shoroq\.m2\repository\com\typesafe\netty\netty-reactive-streams\2.0.4\netty-reactive-streams-2.0.4.jar;C:\Users\Shoroq\.m2\repository\com\sun\activation\jakarta.activation\1.2.2\jakarta.activation-1.2.2.jar;C:\Users\Shoroq\.m2\repository\org\seleniumhq\selenium\selenium-safari-driver\4.10.0\selenium-safari-driver-4.10.0.jar;C:\Users\Shoroq\.m2\repository\org\seleniumhq\selenium\selenium-support\4.10.0\selenium-support-4.10.0.jar;C:\Users\Shoroq\.m2\repository\org\testng\testng\7.7.0\testng-7.7.0.jar;C:\Users\Shoroq\.m2\repository\org\slf4j\slf4j-api\1.7.36\slf4j-api-1.7.36.jar;C:\Users\Shoroq\.m2\repository\com\beust\jcommander\1.82\jcommander-1.82.jar;C:\Users\Shoroq\.m2\repository\org\webjars\jquery\3.6.1\jquery-3.6.1.jar;C:\Users\Shoroq\.m2\repository\io\github\bonigarcia\webdrivermanager\5.4.0\webdrivermanager-5.4.0.jar;C:\Users\Shoroq\.m2\repository\com\google\code\gson\gson\2.10.1\gson-2.10.1.jar;C:\Users\Shoroq\.m2\repository\com\github\docker-java\docker-java\3.3.1\docker-java-3.3.1.jar;C:\Users\Shoroq\.m2\repository\com\github\docker-java\docker-java-core\3.3.1\docker-java-core-3.3.1.jar;C:\Users\Shoroq\.m2\repository\com\github\docker-java\docker-java-api\3.3.1\docker-java-api-3.3.1.jar;C:\Users\Shoroq\.m2\repository\org\bouncycastle\bcpkix-jdk15on\1.64\bcpkix-jdk15on-1.64.jar;C:\Users\Shoroq\.m2\repository\org\bouncycastle\bcprov-jdk15on\1.64\bcprov-jdk15on-1.64.jar;C:\Users\Shoroq\.m2\repository\org\slf4j\jcl-over-slf4j\1.7.30\jcl-over-slf4j-1.7.30.jar;C:\Users\Shoroq\.m2\repository\com\github\docker-java\docker-java-transport-httpclient5\3.3.1\docker-java-transport-httpclient5-3.3.1.jar;C:\Users\Shoroq\.m2\repository\com\github\docker-java\docker-java-transport\3.3.1\docker-java-transport-3.3.1.jar;C:\Users\Shoroq\.m2\repository\net\java\dev\jna\jna\5.12.1\jna-5.12.1.jar;C:\Users\Shoroq\.m2\repository\org\brotli\dec\0.1.2\dec-0.1.2.jar;C:\Users\Shoroq\.m2\repository\org\apache\commons\commons-lang3\3.12.0\commons-lang3-3.12.0.jar;C:\Users\Shoroq\.m2\repository\org\apache\httpcomponents\client5\httpclient5\5.2.1\httpclient5-5.2.1.jar;C:\Users\Shoroq\.m2\repository\org\apache\httpcomponents\core5\httpcore5\5.2\httpcore5-5.2.jar;C:\Users\Shoroq\.m2\repository\org\apache\httpcomponents\core5\httpcore5-h2\5.2\httpcore5-h2-5.2.jar;C:\Users\Shoroq\.m2\repository\com\aventstack\extentreports\5.0.9\extentreports-5.0.9.jar;C:\Users\Shoroq\.m2\repository\io\reactivex\rxjava3\rxjava\3.0.4\rxjava-3.0.4.jar;C:\Users\Shoroq\.m2\repository\org\reactivestreams\reactive-streams\1.0.3\reactive-streams-1.0.3.jar;C:\Users\Shoroq\.m2\repository\org\freemarker\freemarker\2.3.30\freemarker-2.3.30.jar;C:\Users\Shoroq\.m2\repository\org\projectlombok\lombok\1.18.12\lombok-1.18.12.jar;C:\Users\Shoroq\.m2\repository\io\rest-assured\rest-assured\5.3.1\rest-assured-5.3.1.jar;C:\Users\Shoroq\.m2\repository\org\apache\groovy\groovy\4.0.11\groovy-4.0.11.jar;C:\Users\Shoroq\.m2\repository\org\apache\groovy\groovy-xml\4.0.11\groovy-xml-4.0.11.jar;C:\Users\Shoroq\.m2\repository\org\apache\httpcomponents\httpclient\4.5.13\httpclient-4.5.13.jar;C:\Users\Shoroq\.m2\repository\org\apache\httpcomponents\httpcore\4.4.13\httpcore-4.4.13.jar;C:\Users\Shoroq\.m2\repository\commons-logging\commons-logging\1.2\commons-logging-1.2.jar;C:\Users\Shoroq\.m2\repository\org\apache\httpcomponents\httpmime\4.5.13\httpmime-4.5.13.jar;C:\Users\Shoroq\.m2\repository\org\hamcrest\hamcrest\2.2\hamcrest-2.2.jar;C:\Users\Shoroq\.m2\repository\org\ccil\cowan\tagsoup\tagsoup\1.2.1\tagsoup-1.2.1.jar;C:\Users\Shoroq\.m2\repository\io\rest-assured\json-path\5.3.1\json-path-5.3.1.jar;C:\Users\Shoroq\.m2\repository\org\apache\groovy\groovy-json\4.0.11\groovy-json-4.0.11.jar;C:\Users\Shoroq\.m2\repository\io\rest-assured\rest-assured-common\5.3.1\rest-assured-common-5.3.1.jar;C:\Users\Shoroq\.m2\repository\io\rest-assured\xml-path\5.3.1\xml-path-5.3.1.jar;C:\Users\Shoroq\.m2\repository\org\json\json\20230618\json-20230618.jar;C:\Users\Shoroq\.m2\repository\com\github\scribejava\scribejava-apis\8.3.3\scribejava-apis-8.3.3.jar;C:\Users\Shoroq\.m2\repository\com\github\scribejava\scribejava-core\8.3.3\scribejava-core-8.3.3.jar;C:\Users\Shoroq\.m2\repository\com\github\scribejava\scribejava-java8\8.3.3\scribejava-java8-8.3.3.jar;C:\Users\Shoroq\.m2\repository\com\fasterxml\jackson\core\jackson-databind\2.14.0\jackson-databind-2.14.0.jar;C:\Users\Shoroq\.m2\repository\com\fasterxml\jackson\core\jackson-annotations\2.14.0\jackson-annotations-2.14.0.jar;C:\Users\Shoroq\.m2\repository\com\fasterxml\jackson\core\jackson-core\2.14.0\jackson-core-2.14.0.jar;C:\Users\Shoroq\.m2\repository\com\github\fge\json-schema-validator\2.2.6\json-schema-validator-2.2.6.jar;C:\Users\Shoroq\.m2\repository\com\google\code\findbugs\jsr305\3.0.0\jsr305-3.0.0.jar;C:\Users\Shoroq\.m2\repository\joda-time\joda-time\2.3\joda-time-2.3.jar;C:\Users\Shoroq\.m2\repository\com\googlecode\libphonenumber\libphonenumber\6.2\libphonenumber-6.2.jar;C:\Users\Shoroq\.m2\repository\com\github\fge\json-schema-core\1.2.5\json-schema-core-1.2.5.jar;C:\Users\Shoroq\.m2\repository\com\github\fge\uri-template\0.9\uri-template-0.9.jar;C:\Users\Shoroq\.m2\repository\com\github\fge\msg-simple\1.1\msg-simple-1.1.jar;C:\Users\Shoroq\.m2\repository\com\github\fge\btf\1.2\btf-1.2.jar;C:\Users\Shoroq\.m2\repository\com\github\fge\jackson-coreutils\1.8\jackson-coreutils-1.8.jar;C:\Users\Shoroq\.m2\repository\org\mozilla\rhino\1.7R4\rhino-1.7R4.jar;C:\Users\Shoroq\.m2\repository\javax\mail\mailapi\1.4.3\mailapi-1.4.3.jar;C:\Users\Shoroq\.m2\repository\javax\activation\activation\1.1\activation-1.1.jar;C:\Users\Shoroq\.m2\repository\net\sf\jopt-simple\jopt-simple\4.6\jopt-simple-4.6.jar;C:\Users\Shoroq\.m2\repository\com\github\javafaker\javafaker\1.0.2\javafaker-1.0.2.jar;C:\Users\Shoroq\.m2\repository\org\yaml\snakeyaml\1.23\snakeyaml-1.23-android.jar;C:\Users\Shoroq\.m2\repository\com\github\mifmif\generex\1.0.2\generex-1.0.2.jar;C:\Users\Shoroq\.m2\repository\dk\brics\automaton\automaton\1.11-8\automaton-1.11-8.jar;C:\Users\Shoroq\.m2\repository\org\apache\poi\poi\5.2.3\poi-5.2.3.jar;C:\Users\Shoroq\.m2\repository\commons-codec\commons-codec\1.15\commons-codec-1.15.jar;C:\Users\Shoroq\.m2\repository\org\apache\commons\commons-collections4\4.4\commons-collections4-4.4.jar;C:\Users\Shoroq\.m2\repository\org\apache\commons\commons-math3\3.6.1\commons-math3-3.6.1.jar;C:\Users\Shoroq\.m2\repository\commons-io\commons-io\2.11.0\commons-io-2.11.0.jar;C:\Users\Shoroq\.m2\repository\com\zaxxer\SparseBitSet\1.2\SparseBitSet-1.2.jar;C:\Users\Shoroq\.m2\repository\org\apache\poi\poi-ooxml\5.2.3\poi-ooxml-5.2.3.jar;C:\Users\Shoroq\.m2\repository\org\apache\poi\poi-ooxml-lite\5.2.3\poi-ooxml-lite-5.2.3.jar;C:\Users\Shoroq\.m2\repository\org\apache\xmlbeans\xmlbeans\5.1.1\xmlbeans-5.1.1.jar;C:\Users\Shoroq\.m2\repository\org\apache\commons\commons-compress\1.21\commons-compress-1.21.jar;C:\Users\Shoroq\.m2\repository\com\github\virtuald\curvesapi\1.07\curvesapi-1.07.jar;C:\Users\Shoroq\.m2\repository\org\apache\logging\log4j\log4j-api\2.20.0\log4j-api-2.20.0.jar;C:\Users\Shoroq\.m2\repository\org\apache\logging\log4j\log4j-core\2.20.0\log4j-core-2.20.0.jar;"/>
    <property name="sun.cpu.endian" value="little"/>
    <property name="user.home" value="C:\Users\Shoroq"/>
    <property name="user.language" value="en"/>
    <property name="java.specification.vendor" value="Oracle Corporation"/>
    <property name="java.version.date" value="2022-01-18"/>
    <property name="java.home" value="C:\Program Files\Java\jdk-17.0.2"/>
    <property name="file.separator" value="\"/>
    <property name="basedir" value="C:\Users\Shoroq\eclipse-workspace\POM_API"/>
    <property name="java.vm.compressedOopsMode" value="Zero based"/>
    <property name="line.separator" value="&#10;"/>
    <property name="java.vm.specification.vendor" value="Oracle Corporation"/>
    <property name="java.specification.name" value="Java Platform API Specification"/>
    <property name="surefire.real.class.path" value="C:\Users\Shoroq\AppData\Local\Temp\surefire9133992746135570922\surefirebooter-20230721224125886_3.jar"/>
    <property name="user.script" value=""/>
    <property name="sun.management.compiler" value="HotSpot 64-Bit Tiered Compilers"/>
    <property name="java.runtime.version" value="17.0.2+8-LTS-86"/>
    <property name="user.name" value="Shoroq"/>
    <property name="path.separator" value=";"/>
    <property name="os.version" value="10.0"/>
    <property name="java.runtime.name" value="Java(TM) SE Runtime Environment"/>
    <property name="file.encoding" value="Cp1252"/>
    <property name="java.vm.name" value="Java HotSpot(TM) 64-Bit Server VM"/>
    <property name="localRepository" value="C:\Users\Shoroq\.m2\repository"/>
    <property name="java.vendor.url.bug" value="https://bugreport.java.com/bugreport/"/>
    <property name="java.io.tmpdir" value="C:\Users\Shoroq\AppData\Local\Temp\"/>
    <property name="java.version" value="17.0.2"/>
    <property name="user.dir" value="C:\Users\Shoroq\eclipse-workspace\POM_API"/>
    <property name="os.arch" value="amd64"/>
    <property name="java.vm.specification.name" value="Java Virtual Machine Specification"/>
    <property name="sun.os.patch.level" value=""/>
    <property name="native.encoding" value="Cp1252"/>
    <property name="java.library.path" value="C:\Program Files\Java\jdk-17.0.2\bin;C:\WINDOWS\Sun\Java\bin;C:\WINDOWS\system32;C:\WINDOWS;C:\Python310\Scripts\;C:\Python310\;C:\Program Files\Common Files\Oracle\Java\javapath;C:\WINDOWS\system32;C:\WINDOWS;C:\WINDOWS\System32\Wbem;C:\WINDOWS\System32\WindowsPowerShell\v1.0\;C:\WINDOWS\System32\OpenSSH\;C:\Program Files\nodejs\;C:\Program Files\Java\jdk-17.0.2\bin;C:\Program Files (x86)\platform-tools;C:\Program Files\Java\jdk-17.0.2\bin;C:\Program Files\Git\cmd;C:\Program Files\k6\;C:\Program Files\MySQL\MySQL Shell 8.0\bin\;C:\Users\Shoroq\AppData\Local\Microsoft\WindowsApps;C:\Users\Shoroq\AppData\Local\Programs\Microsoft VS Code\bin;C:\Users\Shoroq\AppData\Roaming\npm;C:\Users\Shoroq\AppData\Local\GitHubDesktop\bin;C:\Program Files (x86)\platform-tools;C:\Program Files\Java\jdk-17.0.2\bin;;C:\Program Files\JetBrains\IntelliJ IDEA Community Edition 2022.3.1\bin;;."/>
    <property name="java.vm.info" value="mixed mode, sharing"/>
    <property name="java.vendor" value="Oracle Corporation"/>
    <property name="java.vm.version" value="17.0.2+8-LTS-86"/>
    <property name="sun.io.unicode.encoding" value="UnicodeLittle"/>
    <property name="java.class.version" value="61.0"/>
  </properties>
  <testcase name="testAdvanceSearch" classname="api.test.UserTests_prop" time="12.546">
    <system-out><![CDATA[HTTP/1.1 200 OK
Date: Fri, 21 Jul 2023 19:41:43 GMT
Content-Type: application/json
Transfer-Encoding: chunked
Connection: keep-alive
X-Real-IP: 37.220.114.106
CF-Ray: 7ea5ec4c3c2fce0b-AMM
CF-Cache-Status: DYNAMIC
Content-Encoding: gzip
Strict-Transport-Security: max-age=15552000; includeSubDomains; preload
Vary: origin,access-control-request-method,access-control-request-headers,accept-encoding
Content-Security-Policy: upgrade-insecure-requests; base-uri 'self'; object-src 'self'; frame-ancestors https://almosafer.com https://*.almosafer.com https://z2.le.liveperson.net;
Referrer-Policy: no-referrer-when-downgrade
spanId: 872b91c0c0c21a59
traceId: 872b91c0c0c21a59
X-Content-Type-Options: nosniff
x-env-type: prod
X-GeoIP-City: Irbid
X-GeoIP-Country: Jordan
X-GeoIP-Country-Code: JO
X-GeoIP-Region: Irbid
x-real-client-ip: 37.220.114.106
X-XSS-Protection: 1; mode=block
Set-Cookie: __cf_bm=B6vBr3aiUdvrcp20uzT_rPIWRlsZmIpqLLyOpepMf3I-1689968503-0-AX6zIoDMaha8dQx57IPyd+F3tE5pJKUuSLzGnBDnxhVW2/qbIJOsf/Y3cDsHcGgg0C52P896iTA+lT0HAsxPsSY=; path=/; expires=Fri, 21-Jul-23 20:11:43 GMT; domain=.almosafer.com; HttpOnly; Secure; SameSite=None
Server: cloudflare
alt-svc: h3=":443"; ma=86400

{
    "searchId": "PROPERTY_SR-31994",
    "searchIdExpiry": 1689971774354,
    "totalCount": 178,
    "pageNo": 1,
    "pageSize": 5,
    "currencyCode": "SAR",
    "properties": [
        {
            "id": 1350,
            "nameAr": "شاليه مذهل مع مسبح",
            "nameEn": "Spectacular Chalet with Pool",
            "priceDetail": {
                "discount": {
                    "source": "markup_discount",
                    "name": "DISCOUNT15",
                    "percentage": "15",
                    "discountBreakdown": [
                        {
                            "source": "markup_discount",
                            "name": "DISCOUNT15",
                            "percentage": "15"
                        }
                    ]
                },
                "hostPreApprovalRequired": false,
                "seasonalPrices": [
                    
                ],
                "dailyPrices": [
                    
                ],
                "currency": "SAR",
                "unitCancellationPolicies": [
                    
                ]
            },
            "thumbnailImageUrl": "https://c2c-images-prod.s3.eu-west-1.amazonaws.com/4a0c0e54-320f-4707-80b3-01ca83994d5b.jpeg",
            "location": {
                "countryCode": "SA",
                "regionId": 1,
                "cityId": 9,
                "areaId": 103,
                "addressEn": "Al Manakh",
                "addressAr": "المناخ",
                "latitude": 24.6234840290412,
                "longitude": 46.7940652779218
            },
            "propertyTypeId": 8,
            "amenities": [
                36,
                25,
                30,
                35,
                40,
                28,
                48,
                33
            ],
            "spaces": [
                1,
                2,
                4,
                5,
                6,
                8
            ],
            "guestTypes": [
                
            ],
            "images": [
                "https://c2c-images-prod.s3.eu-west-1.amazonaws.com/4a0c0e54-320f-4707-80b3-01ca83994d5b.jpeg",
                "https://c2c-images-prod.s3.eu-west-1.amazonaws.com/9a377616-532a-4acb-9f44-e755f7db72dc.jpeg",
                "https://c2c-images-prod.s3.eu-west-1.amazonaws.com/c182e942-8708-42fb-a83d-e2aa3e705ca7.jpeg",
                "https://c2c-images-prod.s3.eu-west-1.amazonaws.com/26e4a164-e6da-40f5-b3d7-2d73427b9f7e.jpeg",
                "https://c2c-images-prod.s3.eu-west-1.amazonaws.com/1849377f-767a-4feb-b7cb-6f1667b06184.jpeg",
                "https://c2c-images-prod.s3.eu-west-1.amazonaws.com/dcc34491-e4bf-4b87-ab3f-cb69563a8fac.jpeg",
                "https://c2c-images-prod.s3.eu-west-1.amazonaws.com/35ce4171-50a3-4907-bffb-375ea5756867.jpeg"
            ],
            "checkInFrom": "14:00:00",
            "checkOutFrom": "04:00:00",
            "checkOutTo": "04:00:00",
            "size": 60,
            "active": true,
            "star": 1,
            "rank": 789,
            "staticRank": 1000,
            "almStatus": "READY",
            "bedRoomCount": 1,
            "bathRoomCount": 1,
            "review": {
                "averageRating": 3.9,
                "summary": {
                    "en": "Very good",
                    "ar": "جيد جدا"
                },
                "reviewCount": 137
            },
            "property": {
                "id": 456,
                "nameAr": "منتجع ريفيرا",
                "nameEn": "Rivera Resort"
            },
            "3DView": true
        },
        {
            "id": 569,
            "nameAr": "شاليه رائع مع منطقة شواء",
            "nameEn": "Amazing Chalet with BBQ Area",
            "priceDetail": {
                "discount": {
                    "source": "markup_discount",
                    "name": "DISCOUNT15",
                    "percentage": "15",
                    "discountBreakdown": [
                        {
                            "source": "markup_discount",
                            "name": "DISCOUNT15",
                            "percentage": "15"
                        }
                    ]
                },
                "hostPreApprovalRequired": false,
                "seasonalPrices": [
                    
                ],
                "dailyPrices": [
                    
                ],
                "currency": "SAR",
                "unitCancellationPolicies": [
                    
                ]
            },
            "thumbnailImageUrl": "https://c2c-images-prod.s3.eu-west-1.amazonaws.com/ed489a5e-f8c2-43fa-aa57-bcffec7f1bff.jpeg",
            "location": {
                "countryCode": "SA",
                "regionId": 1,
                "cityId": 9,
                "areaId": 67,
                "addressEn": "Attia Al Saadi",
                "addressAr": "عطية السعدي",
                "latitude": 24.554120330722846,
                "longitude": 46.619747123536335
            },
            "propertyTypeId": 8,
            "amenities": [
                47,
                28,
                40,
                42,
                25,
                18,
                35,
                16,
                9,
                33,
                19,
                30,
                36,
                48,
                12,
                2
            ],
            "spaces": [
                1,
                2,
                4,
                5,
                6,
                8,
                13,
                14
            ],
            "guestTypes": [
                
            ],
            "images": [
                "https://c2c-images-prod.s3.eu-west-1.amazonaws.com/ed489a5e-f8c2-43fa-aa57-bcffec7f1bff.jpeg",
                "https://c2c-images-prod.s3.eu-west-1.amazonaws.com/5fae7237-b173-41b8-9ac2-d079b0c78c6c.jpeg",
                "https://c2c-images-prod.s3.eu-west-1.amazonaws.com/bc673fac-86e0-409d-8746-97a1a08115e1.jpeg",
                "https://c2c-images-prod.s3.eu-west-1.amazonaws.com/72da0189-ff82-4ba2-82f5-e10ab0891ada.jpeg",
                "https://c2c-images-prod.s3.eu-west-1.amazonaws.com/abfdf12a-fd68-40a2-a145-1cba68e94872.jpeg",
                "https://c2c-images-prod.s3.eu-west-1.amazonaws.com/d5baa62e-ad31-42d9-a279-645ef3c93e9c.jpeg",
                "https://c2c-images-prod.s3.eu-west-1.amazonaws.com/e35150f0-1d6a-4e87-802e-55f984047841.jpeg",
                "https://c2c-images-prod.s3.eu-west-1.amazonaws.com/ed3b31a5-3197-47df-aaec-b71c60518869.jpeg",
                "https://c2c-images-prod.s3.eu-west-1.amazonaws.com/5686502e-6938-46a6-bc5f-77b6072da673.jpeg",
                "https://c2c-images-prod.s3.eu-west-1.amazonaws.com/8e068d95-7f33-4753-883e-2033bf1d8476.jpeg",
                "https://c2c-images-prod.s3.eu-west-1.amazonaws.com/7d51c04b-5072-4434-bf2a-0c1c05b04266.jpeg"
            ],
            "checkInFrom": "13:00:00",
            "checkOutFrom": "02:00:00",
            "checkOutTo": "02:00:00",
            "size": 260,
            "active": true,
            "star": 1,
            "rank": 615,
            "staticRank": 1000,
            "almStatus": "READY",
            "bedRoomCount": 1,
            "bathRoomCount": 2,
            "review": {
                "averageRating": 3.5,
                "summary": {
                    "en": "Good",
                    "ar": "جيد"
                },
                "reviewCount": 279
            },
            "property": {
                "id": 185,
                "nameAr": "منتجع ٨٨",
                "nameEn": "Resort 88"
            },
            "3DView": true
        },
        {
            "id": 1354,
            "nameAr": "شاليه جذاب مع تلفزيون",
            "nameEn": "Attractive Chalet with TV ",
            "priceDetail": {
                "discount": {
                    "source": "markup_discount",
                    "name": "DISCOUNT15",
                    "percentage": "15",
                    "discountBreakdown": [
                        {
                            "source": "markup_discount",
                            "name": "DISCOUNT15",
                            "percentage": "15"
                        }
                    ]
                },
                "hostPreApprovalRequired": false,
                "seasonalPrices": [
                    
                ],
                "dailyPrices": [
                    
                ],
                "currency": "SAR",
                "unitCancellationPolicies": [
                    
                ]
            },
            "thumbnailImageUrl": "https://c2c-images-prod.s3.eu-west-1.amazonaws.com/de9f919c-74f0-4147-aafe-ccb333d47a10.jpeg",
            "location": {
                "countryCode": "SA",
                "regionId": 1,
                "cityId": 9,
                "areaId": 103,
                "addressEn": "Al Manakh",
                "addressAr": "المناخ",
                "latitude": 24.6234840290412,
                "longitude": 46.7940652779218
            },
            "propertyTypeId": 8,
            "amenities": [
                30,
                33,
                25,
                48,
                35,
                36,
                40,
                28
            ],
            "spaces": [
                1,
                2,
                4,
                5,
                6,
                8
            ],
            "guestTypes": [
                
            ],
            "images": [
                "https://c2c-images-prod.s3.eu-west-1.amazonaws.com/de9f919c-74f0-4147-aafe-ccb333d47a10.jpeg",
                "https://c2c-images-prod.s3.eu-west-1.amazonaws.com/9e1a7637-858a-4624-9dcb-f1e6c49b22f9.jpeg",
                "https://c2c-images-prod.s3.eu-west-1.amazonaws.com/f538c109-b4be-4479-94b6-71928c392a53.jpeg",
                "https://c2c-images-prod.s3.eu-west-1.amazonaws.com/ade8a569-184b-4ee6-b11d-c621809cbff5.jpeg",
                "https://c2c-images-prod.s3.eu-west-1.amazonaws.com/59e88068-26c0-4591-b328-6971849ba3da.jpeg",
                "https://c2c-images-prod.s3.eu-west-1.amazonaws.com/f63bb942-2e8f-4c55-b34d-86ca903d584b.jpeg",
                "https://c2c-images-prod.s3.eu-west-1.amazonaws.com/6f972929-0b64-4e58-a4c8-2aacd1a30978.jpeg"
            ],
            "checkInFrom": "14:00:00",
            "checkOutFrom": "04:00:00",
            "checkOutTo": "04:00:00",
            "size": 58,
            "active": true,
            "star": 1,
            "rank": 624,
            "staticRank": 887,
            "almStatus": "READY",
            "bedRoomCount": 1,
            "bathRoomCount": 1,
            "review": {
                "averageRating": 3.9,
                "summary": {
                    "en": "Very good",
                    "ar": "جيد جدا"
                },
                "reviewCount": 137
            },
            "property": {
                "id": 456,
                "nameAr": "منتجع ريفيرا",
                "nameEn": "Rivera Resort"
            },
            "3DView": true
        },
        {
            "id": 1357,
            "nameAr": "شاليه فاتن مع مسبح",
            "nameEn": "Enchanting Chalet with Pool",
            "priceDetail": {
                "discount": {
                    "source": "markup_discount",
                    "name": "DISCOUNT15",
                    "percentage": "15",
                    "discountBreakdown": [
                        {
                            "source": "markup_discount",
                            "name": "DISCOUNT15",
                            "percentage": "15"
                        }
                    ]
                },
                "hostPreApprovalRequired": false,
                "seasonalPrices": [
                    
                ],
                "dailyPrices": [
                    
                ],
                "currency": "SAR",
                "unitCancellationPolicies": [
                    
                ]
            },
            "thumbnailImageUrl": "https://c2c-images-prod.s3.eu-west-1.amazonaws.com/307c64d6-8355-4bc5-b5bc-c47cdb3104f6.jpeg",
            "location": {
                "countryCode": "SA",
                "regionId": 1,
                "cityId": 9,
                "areaId": 103,
                "addressEn": "Al Manakh",
                "addressAr": "المناخ",
                "latitude": 24.6234840290412,
                "longitude": 46.7940652779218
            },
            "propertyTypeId": 8,
            "amenities": [
                30,
                28,
                36,
                40,
                25,
                35,
                48,
                33
            ],
            "spaces": [
                1,
                2,
                4,
                5,
                6,
                8
            ],
            "guestTypes": [
                
            ],
            "images": [
                "https://c2c-images-prod.s3.eu-west-1.amazonaws.com/307c64d6-8355-4bc5-b5bc-c47cdb3104f6.jpeg",
                "https://c2c-images-prod.s3.eu-west-1.amazonaws.com/f0595292-f82e-4e6f-bdc7-e3476c56255f.jpeg",
                "https://c2c-images-prod.s3.eu-west-1.amazonaws.com/49ea0bdf-9f5b-4cca-9376-4d92626e590a.jpeg",
                "https://c2c-images-prod.s3.eu-west-1.amazonaws.com/7a68d5d2-1a8c-4707-9274-02f7a9ef50f6.jpeg",
                "https://c2c-images-prod.s3.eu-west-1.amazonaws.com/b16f6d40-2f4c-43a9-a381-374ab4a5cd12.jpeg",
                "https://c2c-images-prod.s3.eu-west-1.amazonaws.com/7236559f-238d-45f3-8900-3153aff5f74e.jpeg",
                "https://c2c-images-prod.s3.eu-west-1.amazonaws.com/dc6581df-77e1-4fb5-a100-ee9aadf2151c.jpeg"
            ],
            "checkInFrom": "14:00:00",
            "checkOutFrom": "04:00:00",
            "checkOutTo": "04:00:00",
            "size": 58,
            "active": true,
            "star": 1,
            "rank": 341,
            "staticRank": 747,
            "almStatus": "READY",
            "bedRoomCount": 1,
            "bathRoomCount": 1,
            "review": {
                "averageRating": 3.9,
                "summary": {
                    "en": "Very good",
                    "ar": "جيد جدا"
                },
                "reviewCount": 137
            },
            "property": {
                "id": 456,
                "nameAr": "منتجع ريفيرا",
                "nameEn": "Rivera Resort"
            },
            "3DView": true
        },
        {
            "id": 1352,
            "nameAr": "شاليه ساحر مع تلفزيون",
            "nameEn": "Glamorous Chalet with TV",
            "priceDetail": {
                "discount": {
                    "source": "markup_discount",
                    "name": "DISCOUNT15",
                    "percentage": "15",
                    "discountBreakdown": [
                        {
                            "source": "markup_discount",
                            "name": "DISCOUNT15",
                            "percentage": "15"
                        }
                    ]
                },
                "hostPreApprovalRequired": false,
                "seasonalPrices": [
                    
                ],
                "dailyPrices": [
                    
                ],
                "currency": "SAR",
                "unitCancellationPolicies": [
                    
                ]
            },
            "thumbnailImageUrl": "https://c2c-images-prod.s3.eu-west-1.amazonaws.com/9e446c55-82f6-4582-b346-373567144bdf.jpeg",
            "location": {
                "countryCode": "SA",
                "regionId": 1,
                "cityId": 9,
                "areaId": 103,
                "addressEn": "Al Manakh",
                "addressAr": "المناخ",
                "latitude": 24.6234840290412,
                "longitude": 46.7940652779218
            },
            "propertyTypeId": 8,
            "amenities": [
                36,
                33,
                48,
                35,
                25,
                40,
                28,
                30
            ],
            "spaces": [
                1,
                2,
                4,
                5,
                6,
                8
            ],
            "guestTypes": [
                
            ],
            "images": [
                "https://c2c-images-prod.s3.eu-west-1.amazonaws.com/9e446c55-82f6-4582-b346-373567144bdf.jpeg",
                "https://c2c-images-prod.s3.eu-west-1.amazonaws.com/5b95d8e2-f1fe-4281-a03f-221f4b902125.jpeg",
                "https://c2c-images-prod.s3.eu-west-1.amazonaws.com/19fe2c65-564f-407c-a01f-4cbe7d74d606.jpeg",
                "https://c2c-images-prod.s3.eu-west-1.amazonaws.com/8534ba11-2d7a-414b-9277-9a5b1ee9e3ab.jpeg",
                "https://c2c-images-prod.s3.eu-west-1.amazonaws.com/7e1b2386-187d-47f1-a9e7-d53fe7ce2f53.jpeg",
                "https://c2c-images-prod.s3.eu-west-1.amazonaws.com/22af75e2-9861-4d2b-86d7-5be95dc205b0.jpeg",
                "https://c2c-images-prod.s3.eu-west-1.amazonaws.com/97a8f088-b4a3-4652-826d-668a0b40d3ee.jpeg"
            ],
            "checkInFrom": "14:00:00",
            "checkOutFrom": "04:00:00",
            "checkOutTo": "04:00:00",
            "size": 58,
            "active": true,
            "star": 1,
            "rank": 641,
            "staticRank": 739,
            "almStatus": "READY",
            "bedRoomCount": 1,
            "bathRoomCount": 1,
            "review": {
                "averageRating": 3.9,
                "summary": {
                    "en": "Very good",
                    "ar": "جيد جدا"
                },
                "reviewCount": 137
            },
            "property": {
                "id": 456,
                "nameAr": "منتجع ريفيرا",
                "nameEn": "Rivera Resort"
            },
            "3DView": true
        }
    ],
    "filters": {
        "propertyTypes": [
            
        ],
        "guestTypes": [
            
        ],
        "amenities": [
            
        ],
        "spaces": [
            
        ],
        "regions": [
            
        ],
        "cities": [
            
        ],
        "areas": [
            
        ],
        "reviewRating": [
            
        ],
        "priceFilter": {
            
        },
        "sizeFilter": {
            
        },
        "bedCountFilter": {
            
        },
        "bathRoomCountFilter": {
            
        },
        "checkInFromFilter": {
            
        },
        "checkOutToFilter": {
            
        }
    }
}
]]></system-out>
    <system-err><![CDATA[SLF4J: Failed to load class "org.slf4j.impl.StaticLoggerBinder".
SLF4J: Defaulting to no-operation (NOP) logger implementation
SLF4J: See http://www.slf4j.org/codes.html#StaticLoggerBinder for further details.
]]></system-err>
  </testcase>
  <testcase name="testGetCurrencyList" classname="api.test.UserTests_prop" time="0.211">
    <system-out><![CDATA[HTTP/1.1 200 OK
Date: Fri, 21 Jul 2023 19:41:44 GMT
Content-Type: application/json
Content-Length: 811
Connection: keep-alive
X-Real-IP: 66.249.93.40
CF-Ray: 7ea5ec53fd61cde7-AMM
CF-Cache-Status: HIT
Accept-Ranges: bytes
Access-Control-Allow-Origin: www.almosafer.com
Age: 59318
Cache-Control: public, max-age=86400
Content-Encoding: gzip
Expires: Sat, 22 Jul 2023 19:41:44 GMT
Last-Modified: Fri, 21 Jul 2023 02:08:40 GMT
Strict-Transport-Security: max-age=15552000; includeSubDomains; preload
Vary: Accept-Encoding
Access-Control-Allow-Headers: 
Access-Control-Allow-Methods: HEAD, GET, POST, OPTIONS, PUT, DELETE
Content-Security-Policy: upgrade-insecure-requests; base-uri 'self'; object-src 'self'; frame-ancestors https://almosafer.com https://*.almosafer.com https://z2.le.liveperson.net;
Referrer-Policy: no-referrer-when-downgrade
X-Adebug-c-currency: SAR
X-Adebug-c-language: ar
X-Adebug-host: www.almosafer.com
X-Adebug-port: 80
X-Adebug-real-ip: 10.160.123.77
X-Adebug-ruri: /api/system/currency/list
X-Adebug-x-currency: SAR
X-Adebug-x-locale: ar
X-Alimit-rpath: /api/system/currency/list
X-ARuntime: 0.037
X-AServed-By: 10.160.216.254
X-Aus: 127.0.0.1:9002
X-Content-Type-Options: nosniff
x-env-type: prod
X-GeoIP-Country: United States
X-GeoIP-Country-Code: US
X-is-bot-api: 0
x-real-client-ip: 37.220.114.106
X-XSS-Protection: 1; mode=block
Set-Cookie: __cf_bm=WIfSDeRTj6MiTwi19WSEgWw1QlXQvzYVzoUJyxhvOss-1689968504-0-AdJkg2DhhYEQziEKMfVcYZhyPmg5+eocnWiyw++JCR82Rhy2RwC/dGWxZY76mc2PoI3fw5NI0U006dHmCzg3+Lw=; path=/; expires=Fri, 21-Jul-23 20:11:44 GMT; domain=.almosafer.com; HttpOnly; Secure; SameSite=None
Server: cloudflare
alt-svc: h3=":443"; ma=86400

{
    "base": {
        "symbol": "SAR",
        "name": "Saudi Riyal",
        "name_ar": "ريال سعودي",
        "symbol_native": "ر.س.‏",
        "decimal_digits": 2,
        "rounding": 0,
        "code": "SAR",
        "name_plural": "Saudi riyals"
    },
    "equivalent": [
        {
            "symbol": "SAR",
            "name": "Saudi Riyal",
            "name_ar": "ريال سعودي",
            "symbol_native": "ر.س.‏",
            "decimal_digits": 2,
            "rounding": 0,
            "code": "SAR",
            "name_plural": "Saudi riyals",
            "rate": 1,
            "Rate": 1,
            "date": "2023-07-20 08:49:25"
        },
        {
            "symbol": "AED",
            "name": "United Arab Emirates Dirham",
            "name_ar": "درهم اماراتي",
            "symbol_native": "د.إ.‏",
            "decimal_digits": 2,
            "rounding": 0,
            "code": "AED",
            "name_plural": "UAE dirhams",
            "rate": 0.979185,
            "Rate": 0.979185,
            "date": "2023-07-20 08:50:03"
        },
        {
            "symbol": "QAR",
            "name": "Qatari Rial",
            "name_ar": "ريال قطري",
            "symbol_native": "ر.ق.‏",
            "decimal_digits": 2,
            "rounding": 0,
            "code": "QAR",
            "name_plural": "Qatari rials",
            "rate": 0.970654,
            "Rate": 0.970654,
            "date": "2023-07-20 08:51:03"
        },
        {
            "symbol": "KWD",
            "name": "Kuwaiti Dinar",
            "name_ar": "دينار كويتي",
            "symbol_native": "د.ك.‏",
            "decimal_digits": 3,
            "rounding": 0,
            "code": "KWD",
            "name_plural": "Kuwaiti dinars",
            "rate": 0.081741,
            "Rate": 0.081741,
            "date": "2023-07-20 08:50:03"
        },
        {
            "symbol": "BHD",
            "name": "Bahraini Dinar",
            "name_ar": "دينار بحريني",
            "symbol_native": "د.ب.‏",
            "decimal_digits": 3,
            "rounding": 0,
            "code": "BHD",
            "name_plural": "Bahraini dinars",
            "rate": 0.100498,
            "Rate": 0.100498,
            "date": "2023-07-20 08:50:03"
        },
        {
            "symbol": "$",
            "name": "US Dollar",
            "name_ar": "دولار أمريكي",
            "symbol_native": "$",
            "decimal_digits": 2,
            "rounding": 0,
            "code": "USD",
            "name_plural": "US dollars",
            "rate": 0.266589,
            "Rate": 0.266589,
            "date": "2023-07-20 08:51:03"
        },
        {
            "symbol": "€",
            "name": "Euro",
            "name_ar": "يورو",
            "symbol_native": "€",
            "decimal_digits": 2,
            "rounding": 0,
            "code": "EUR",
            "name_plural": "euros",
            "rate": 0.237933,
            "Rate": 0.237933,
            "date": "2023-07-20 08:51:03"
        },
        {
            "symbol": "£",
            "name": "British Pound Sterling",
            "name_ar": "الجنيه الاسترليني",
            "symbol_native": "£",
            "decimal_digits": 2,
            "rounding": 0,
            "code": "GBP",
            "name_plural": "British pounds sterling",
            "rate": 0.206242,
            "Rate": 0.206242,
            "date": "2023-07-20 08:51:03"
        },
        {
            "symbol": "EGP",
            "name": "Egyptian Pound",
            "name_ar": "جنيه مصري",
            "symbol_native": "ج.م.‏",
            "decimal_digits": 2,
            "rounding": 0,
            "code": "EGP",
            "name_plural": "Egyptian pounds",
            "rate": 8.21106,
            "Rate": 8.21106,
            "date": "2023-07-20 09:29:03"
        },
        {
            "symbol": "₹",
            "name": "Indian Rupee",
            "name_ar": "روبية هندية",
            "symbol_native": "₹",
            "decimal_digits": 2,
            "rounding": 0,
            "code": "INR",
            "name_plural": "Indian rupees",
            "rate": 21.867735,
            "Rate": 21.867735,
            "date": "2023-07-20 09:32:03"
        },
        {
            "symbol": "OMR",
            "name": "Omani Rial",
            "name_ar": "ريال عماني",
            "symbol_native": "ر.ع.‏",
            "decimal_digits": 3,
            "rounding": 0,
            "code": "OMR",
            "name_plural": "Omani rials",
            "rate": 0.102629,
            "Rate": 0.102629,
            "date": "2023-07-19 10:16:03"
        }
    ],
    "failed": [
        
    ]
}
]]></system-out>
  </testcase>
</testsuite>