<?xml version="1.0" encoding="UTF-8"?>
<!-- Generated by org.testng.reporters.JUnitReportReporter -->
<testsuite hostname="Shorouq-Altamimi" failures="0" tests="2" name="api.test.UserTests_prop" time="3.309" errors="0" timestamp="2023-07-21T23:24:28 AST" skipped="0">
  <testcase classname="api.test.UserTests_prop" name="testAdvanceSearch" time="3.118"/>
  <system-out/>
  <testcase classname="api.test.UserTests_prop" name="testGetCurrencyList" time="0.191"/>
  <system-out/>
</testsuite> <!-- api.test.UserTests_prop -->
