<?xml version="1.0" encoding="UTF-8"?>
<!-- Generated by org.testng.reporters.JUnitReportReporter -->
<testsuite hostname="Shorouq-Altamimi" failures="0" tests="2" name="api.test.UserTests" time="3.105" errors="0" timestamp="2023-07-21T23:23:59 AST" skipped="0">
  <testcase classname="api.test.UserTests" name="testAdvanceSearch" time="2.905"/>
  <system-out/>
  <testcase classname="api.test.UserTests" name="testGetCurrencyList" time="0.200"/>
  <system-out/>
</testsuite> <!-- api.test.UserTests -->
