<?xml version="1.0" encoding="UTF-8"?>
<!-- Generated by org.testng.reporters.JUnitReportReporter -->
<testsuite hostname="Shorouq-Altamimi" failures="0" tests="1" name="api.test.TestAPI" time="4.621" errors="0" timestamp="2023-07-21T06:17:59 AST" skipped="0">
  <testcase classname="api.test.TestAPI" name="AdvanceSearch" time="4.621"/>
  <system-out/>
</testsuite> <!-- api.test.TestAPI -->
