<?xml version="1.0" encoding="UTF-8"?>
<!-- Generated by org.testng.reporters.JUnitReportReporter -->
<testsuite hostname="Shorouq-Altamimi" failures="0" tests="2" name="api.test.UserTests_prop" time="12.748" errors="0" timestamp="2023-07-21T22:41:44 AST" skipped="0">
  <testcase classname="api.test.UserTests_prop" name="testAdvanceSearch" time="12.550"/>
  <system-out/>
  <testcase classname="api.test.UserTests_prop" name="testGetCurrencyList" time="0.198"/>
  <system-out/>
</testsuite> <!-- api.test.UserTests_prop -->
